<?xml version="1.0" encoding="UTF-8"?>
<!-- Generated by org.testng.reporters.JUnitReportReporter -->
<testsuite hostname="DESKTOP-9I3SV3N" failures="0" tests="1" name="testngpkg.Copypaste" time="4.713" errors="0" timestamp="2023-04-24T09:51:51 IST" skipped="0">
  <testcase classname="testngpkg.Copypaste" name="copy" time="4.713"/>
  <system-out/>
</testsuite> <!-- testngpkg.Copypaste -->
