<?xml version="1.0" encoding="UTF-8"?>
<!-- Generated by org.testng.reporters.JUnitReportReporter -->
<testsuite hostname="DESKTOP-9I3SV3N" failures="0" tests="1" name="testngpkg.Fileuploadautoit" time="15.891" errors="0" timestamp="2023-05-04T06:48:30 IST" skipped="0">
  <testcase classname="testngpkg.Fileuploadautoit" name="fileuploadpgm" time="15.891"/>
  <system-out/>
</testsuite> <!-- testngpkg.Fileuploadautoit -->
