<?xml version="1.0" encoding="UTF-8"?>
<!-- Generated by org.testng.reporters.JUnitReportReporter -->
<testsuite hostname="DESKTOP-9I3SV3N" failures="0" tests="1" name="testngpkg.Googlesearch" time="13.783" errors="0" timestamp="2023-04-20T10:05:56 IST" skipped="0">
  <testcase classname="testngpkg.Googlesearch" name="main" time="13.783"/>
  <system-out/>
</testsuite> <!-- testngpkg.Googlesearch -->
