<?xml version="1.0" encoding="UTF-8"?>
<!-- Generated by org.testng.reporters.JUnitReportReporter -->
<testsuite hostname="DESKTOP-9I3SV3N" failures="0" tests="5" name="testngpkg.Testngdemo" time="7.668" errors="0" timestamp="2023-04-19T10:44:29 IST" skipped="0">
  <testcase classname="testngpkg.Testngdemo" name="titleverification" time="0.685"/>
  <system-out/>
  <testcase classname="testngpkg.Testngdemo" name="titleverification" time="0.748"/>
  <system-out/>
  <testcase classname="testngpkg.Testngdemo" name="titleverification" time="0.771"/>
  <system-out/>
  <testcase classname="testngpkg.Testngdemo" name="buttonenabled" time="4.321"/>
  <system-out/>
  <testcase classname="testngpkg.Testngdemo" name="buttontextverification" time="1.143"/>
  <system-out/>
</testsuite> <!-- testngpkg.Testngdemo -->
