<?xml version="1.0" encoding="UTF-8"?>
<!-- Generated by org.testng.reporters.JUnitReportReporter -->
<testsuite hostname="DESKTOP-9I3SV3N" failures="0" tests="1" name="testngpkg.Scrolldown" time="3.621" errors="0" timestamp="2023-04-26T10:22:28 IST" skipped="0">
  <testcase classname="testngpkg.Scrolldown" name="test1" time="3.621"/>
  <system-out/>
</testsuite> <!-- testngpkg.Scrolldown -->
