<?xml version="1.0" encoding="UTF-8"?>
<!-- Generated by org.testng.reporters.JUnitReportReporter -->
<testsuite hostname="DESKTOP-9I3SV3N" failures="0" tests="1" name="testngpkg.Datadriventest" time="32.131" errors="0" timestamp="2023-04-27T10:35:18 IST" skipped="0">
  <testcase classname="testngpkg.Datadriventest" name="test" time="32.131"/>
  <system-out/>
</testsuite> <!-- testngpkg.Datadriventest -->
