<?xml version="1.0" encoding="UTF-8"?>
<!-- Generated by org.testng.reporters.JUnitReportReporter -->
<testsuite hostname="DESKTOP-9I3SV3N" failures="0" tests="1" name="testngpkg.Windowhandle" time="16.075" errors="0" timestamp="2023-05-10T06:29:13 IST" skipped="0">
  <testcase classname="testngpkg.Windowhandle" name="test" time="16.075"/>
  <system-out/>
</testsuite> <!-- testngpkg.Windowhandle -->
