<?xml version="1.0" encoding="UTF-8"?>
<!-- Generated by org.testng.reporters.JUnitReportReporter -->
<testsuite hostname="DESKTOP-9I3SV3N" failures="0" tests="1" name="test.Fblogintestdatadriven" time="20.482" errors="0" timestamp="2023-05-06T09:33:53 IST" skipped="0">
  <testcase classname="test.Fblogintestdatadriven" name="verifyLoginwithValidCred" time="20.482"/>
  <system-out/>
</testsuite> <!-- test.Fblogintestdatadriven -->
