<?xml version="1.0" encoding="UTF-8"?>
<!-- Generated by org.testng.reporters.JUnitReportReporter -->
<testsuite hostname="DESKTOP-9I3SV3N" failures="0" tests="7" name="testngpkg.TestngGrouping" time="0.022" errors="0" timestamp="2023-04-21T06:17:30 IST" skipped="0">
  <testcase classname="testngpkg.TestngGrouping" name="test8" time="0.003"/>
  <system-out/>
  <testcase classname="testngpkg.TestngGrouping" name="test9" time="0.002"/>
  <system-out/>
  <testcase classname="testngpkg.TestngGrouping" name="test5" time="0.002"/>
  <system-out/>
  <testcase classname="testngpkg.TestngGrouping" name="test1" time="0.009"/>
  <system-out/>
  <testcase classname="testngpkg.TestngGrouping" name="test2" time="0.002"/>
  <system-out/>
  <testcase classname="testngpkg.TestngGrouping" name="test6" time="0.002"/>
  <system-out/>
  <testcase classname="testngpkg.TestngGrouping" name="test3" time="0.002"/>
  <system-out/>
</testsuite> <!-- testngpkg.TestngGrouping -->
