<?xml version="1.0" encoding="UTF-8"?>
<!-- Generated by org.testng.reporters.JUnitReportReporter -->
<testsuite hostname="DESKTOP-9I3SV3N" failures="0" tests="1" name="testngpkg.Fileuploadrobotpgm" time="13.853" errors="0" timestamp="2023-04-28T10:13:08 IST" skipped="0">
  <testcase classname="testngpkg.Fileuploadrobotpgm" name="fileuploadpgm" time="13.853"/>
  <system-out/>
</testsuite> <!-- testngpkg.Fileuploadrobotpgm -->
