<?xml version="1.0" encoding="UTF-8"?>
<!-- Generated by org.testng.reporters.JUnitReportReporter -->
<testsuite hostname="DESKTOP-9I3SV3N" failures="0" tests="1" name="testngpkg.Browsernotificationdisable" time="47.463" errors="0" timestamp="2023-05-10T06:51:37 IST" skipped="0">
  <testcase classname="testngpkg.Browsernotificationdisable" name="test1" time="47.463"/>
  <system-out/>
</testsuite> <!-- testngpkg.Browsernotificationdisable -->
