<?xml version="1.0" encoding="UTF-8"?>
<!-- Generated by org.testng.reporters.JUnitReportReporter -->
<testsuite hostname="DESKTOP-9I3SV3N" failures="0" tests="1" name="pkg.Titleverification" time="35.724" errors="0" timestamp="2023-06-21T22:33:11 IST" skipped="0">
  <testcase classname="pkg.Titleverification" name="test" time="35.724"/>
  <system-out/>
</testsuite> <!-- pkg.Titleverification -->
