<?xml version="1.0" encoding="UTF-8"?>
<!-- Generated by org.testng.reporters.JUnitReportReporter -->
<testsuite hostname="DESKTOP-9I3SV3N" failures="0" tests="1" name="testngpkg.TestngParameters" time="0.016" errors="0" timestamp="2023-04-21T06:23:05 IST" skipped="0">
  <testcase classname="testngpkg.TestngParameters" name="main" time="0.016"/>
  <system-out/>
</testsuite> <!-- testngpkg.TestngParameters -->
