<?xml version="1.0" encoding="UTF-8"?>
<!-- Generated by org.testng.reporters.JUnitReportReporter -->
<testsuite hostname="DESKTOP-9I3SV3N" failures="0" tests="1" name="exam.Yatralinkcount" time="0.578" errors="0" timestamp="2023-06-12T11:18:43 IST" skipped="0">
  <testcase classname="exam.Yatralinkcount" name="linkcount" time="0.578"/>
  <system-out/>
</testsuite> <!-- exam.Yatralinkcount -->
