<?xml version="1.0" encoding="UTF-8"?>
<!-- Generated by org.testng.reporters.JUnitReportReporter -->
<testsuite hostname="DESKTOP-9I3SV3N" failures="0" tests="1" name="testngpkg.Fileuploadpgm" time="1.482" errors="0" timestamp="2023-04-28T09:33:31 IST" skipped="0">
  <testcase classname="testngpkg.Fileuploadpgm" name="test" time="1.482"/>
  <system-out/>
</testsuite> <!-- testngpkg.Fileuploadpgm -->
