<?xml version="1.0" encoding="UTF-8"?>
<!-- Generated by org.testng.reporters.JUnitReportReporter -->
<testsuite hostname="DESKTOP-9I3SV3N" failures="0" tests="1" name="testngpkg.Ebaymousehover" time="8.984" errors="0" timestamp="2023-04-26T10:05:21 IST" skipped="0">
  <testcase classname="testngpkg.Ebaymousehover" name="mousehover" time="8.984"/>
  <system-out/>
</testsuite> <!-- testngpkg.Ebaymousehover -->
