<?xml version="1.0" encoding="UTF-8"?>
<!-- Generated by org.testng.reporters.JUnitReportReporter -->
<testsuite hostname="DESKTOP-9I3SV3N" failures="0" tests="1" name="test.Fblogintest" time="0.517" errors="0" timestamp="2023-05-05T05:51:30 IST" skipped="0">
  <testcase classname="test.Fblogintest" name="testlogin" time="0.517"/>
  <system-out/>
</testsuite> <!-- test.Fblogintest -->
